\BOOKMARK [0][-]{chapter*.1}{CARACTERIZACI\323N DE LA CARRERA GESTI\323N SOCIOCULTURAL PARA EL DESARROLLO}{}% 1
\BOOKMARK [0][-]{chapter*.2}{VARIABLE 1: PERTINENCIA E IMPACTO SOCIAL}{}% 2
\BOOKMARK [1][-]{chapter*.3}{Proyecci\363n de la profesi\363n hacia el territorio y/o el pa\355s }{chapter*.2}% 3
\BOOKMARK [1][-]{chapter*.3}{Satisfacci\363n con la calidad de la formaci\363n }{chapter*.2}% 4
\BOOKMARK [0][-]{chapter*.3}{VARIABLE 2: PROFESORES Y PERSONAL AUXILIAR}{}% 5
\BOOKMARK [1][-]{chapter*.4}{Cualidades del educador }{chapter*.3}% 6
\BOOKMARK [1][-]{chapter*.4}{Composici\363n del claustro }{chapter*.3}% 7
\BOOKMARK [1][-]{chapter*.4}{Calidad de las investigaciones y el posgrado en la carrera }{chapter*.3}% 8
\BOOKMARK [1][-]{chapter*.4}{Publicaciones de textos y/o art\355culos cient\355ficos en revistas referenciadas y participaci\363n en eventos nacionales e internacionales }{chapter*.3}% 9
\BOOKMARK [1][-]{chapter*.4}{Experiencia profesional en el \341rea del conocimiento de la carrera }{chapter*.3}% 10
\BOOKMARK [1][-]{chapter*.4}{Personal no docente y administrativo }{chapter*.3}% 11
\BOOKMARK [0][-]{chapter*.4}{VARIABLE 3: ESTUDIANTES}{}% 12
\BOOKMARK [1][-]{chapter*.5}{Participaci\363n de los estudiantes como protagonistas de su proceso de formaci\363n }{chapter*.4}% 13
\BOOKMARK [1][-]{chapter*.5}{Dominio de los modos de actuaci\363n de la profesi\363n }{chapter*.4}% 14
\BOOKMARK [1][-]{chapter*.5}{Eficiencia acad\351mica }{chapter*.4}% 15
\BOOKMARK [1][-]{chapter*.5}{Organizaci\363n docente para el aprendizaje }{chapter*.4}% 16
\BOOKMARK [0][-]{chapter*.5}{VARIABLE 4: INFRAESTRUCTURA}{}% 17
\BOOKMARK [1][-]{chapter*.6}{Sistema integrado y progresivo de medios de ense\361anza }{chapter*.5}% 18
\BOOKMARK [1][-]{chapter*.6}{Aseguramiento de la base material en el \341rea de conocimientos de la carrera }{chapter*.5}% 19
\BOOKMARK [1][-]{chapter*.6}{Aseguramiento material para el empleo de la computaci\363n y las TICs en la carrera }{chapter*.5}% 20
\BOOKMARK [1][-]{chapter*.6}{Otras instalaciones de car\341cter docente utilizadas por la carrera }{chapter*.5}% 21
\BOOKMARK [0][-]{chapter*.6}{VARIABLE 5: CURR\315CULO}{}% 22
\BOOKMARK [1][-]{chapter*.7}{Gesti\363n curricular en la carrera y en el colectivo pedag\363gico }{chapter*.6}% 23
\BOOKMARK [1][-]{chapter*.7}{Estrategia educativa de la carrera }{chapter*.6}% 24
\BOOKMARK [1][-]{chapter*.7}{Relaci\363n entre los diferentes componentes del proceso docente \205 educativo en la carrera }{chapter*.6}% 25
\BOOKMARK [1][-]{chapter*.7}{Actividad investigativa laboral de los estudiantes }{chapter*.6}% 26
\BOOKMARK [1][-]{chapter*.7}{Estrategias curriculares }{chapter*.6}% 27
\BOOKMARK [0][-]{chapter*.7}{ANEXO}{}% 28
