\BOOKMARK [0][-]{chapter*.5}{Introducci\363n}{}% 1
\BOOKMARK [0][-]{chapter.1}{Fundamentaci\363n Te\363rica}{}% 2
\BOOKMARK [1][-]{section.1.1}{Grupo de Creaci\363n Art\355stica Vig\355a}{chapter.1}% 3
\BOOKMARK [1][-]{section.1.2}{Enfoques existentes}{chapter.1}% 4
\BOOKMARK [2][-]{subsection.1.2.1}{Sistema de Gesti\363n Integral ASSETS}{section.1.2}% 5
\BOOKMARK [2][-]{subsection.1.2.2}{Sistema Integral Econ\363mico Administrativo RODAS XXI}{section.1.2}% 6
\BOOKMARK [2][-]{subsection.1.2.3}{Sistema de gesti\363n econ\363mica para el \301rea de Econom\355a de la Direcci\363n de Gesti\363n Tecnol\363gica de la UCI }{section.1.2}% 7
\BOOKMARK [2][-]{subsection.1.2.4}{Versat-Sarasola}{section.1.2}% 8
\BOOKMARK [2][-]{subsection.1.2.5}{Herramienta de apoyo a la gesti\363n ECON\323MICA financiera de trabajadores de la Universidad de Cienfuegos }{section.1.2}% 9
\BOOKMARK [2][-]{subsection.1.2.6}{ERP para la gesti\363n de la informaci\363n econ\363mica de los productos c\341rnicos para la UEB Tom\341s Rojas Rodr\355guez de la provincia de Camag\374ey}{section.1.2}% 10
\BOOKMARK [1][-]{section.1.3}{Metodolog\355as para el desarrollo de software}{chapter.1}% 11
\BOOKMARK [2][-]{subsection.1.3.1}{Metodolog\355as \341giles de desarrollo}{section.1.3}% 12
\BOOKMARK [2][-]{subsection.1.3.2}{Elecci\363n de la metodolog\355a de desarrollo de software}{section.1.3}% 13
\BOOKMARK [1][-]{section.1.4}{Tecnolog\355as y herramientas a utilizar}{chapter.1}% 14
\BOOKMARK [2][-]{subsection.1.4.1}{Lenguaje de modelado}{section.1.4}% 15
\BOOKMARK [2][-]{subsection.1.4.2}{Herramienta CASE}{section.1.4}% 16
\BOOKMARK [2][-]{subsection.1.4.3}{Framewrok de desarrollo}{section.1.4}% 17
\BOOKMARK [2][-]{subsection.1.4.4}{Entornos de desarrollo}{section.1.4}% 18
\BOOKMARK [2][-]{subsection.1.4.5}{Lenguajes de programaci\363n}{section.1.4}% 19
\BOOKMARK [2][-]{subsection.1.4.6}{Servidor Web}{section.1.4}% 20
\BOOKMARK [2][-]{subsection.1.4.7}{Sistema gestor de base de datos}{section.1.4}% 21
\BOOKMARK [0][-]{chapter.2}{An\341lisis y dise\361o del sistema}{}% 22
\BOOKMARK [1][-]{section.2.1}{Requisitos funcionales}{chapter.2}% 23
\BOOKMARK [1][-]{section.2.2}{Requisitos no funcionales}{chapter.2}% 24
\BOOKMARK [0][-]{chapter*.6}{Referencias Bibliogr\341ficas}{}% 25
